<stdin>: In function ‘_NTFET_state_alloc’:
<stdin>:957:20: warning: unused variable ‘_state’ [-Wunused-variable]
<stdin>: In function ‘_NTFET_state_free’:
<stdin>:963:19: warning: unused variable ‘_state’ [-Wunused-variable]
<stdin>: In function ‘_NTFET_eval’:
<stdin>:1116:28: warning: unused variable ‘_i_index_branch_’ [-Wunused-variable]
<stdin>:1089:7: warning: variable ‘_pvaTransit2_’ set but not used [-Wunused-but-set-variable]
<stdin>:1088:7: warning: unused variable ‘_pvaTransit_’ [-Wunused-variable]
<stdin>:1087:10: warning: unused variable ‘_pvaAComeg__’ [-Wunused-variable]
<stdin>:1086:10: warning: unused variable ‘_pvaACfreq__’ [-Wunused-variable]
<stdin>:1085:7: warning: unused variable ‘_pvaACLastmode__’ [-Wunused-variable]
<stdin>:1084:7: warning: unused variable ‘_pvaDCmode__’ [-Wunused-variable]
<stdin>:1082:7: warning: unused variable ‘_pvaCurrentIndex_’ [-Wunused-variable]
<stdin>:1073:10: warning: unused variable ‘__pva_power__’ [-Wunused-variable]
<stdin>:1072:7: warning: unused variable ‘_pvaLoop_’ [-Wunused-variable]
<stdin>:1071:10: warning: unused variable ‘__f36__’ [-Wunused-variable]
<stdin>:1070:10: warning: unused variable ‘__f35__’ [-Wunused-variable]
<stdin>:1069:10: warning: unused variable ‘__f34__’ [-Wunused-variable]
<stdin>:1068:10: warning: unused variable ‘__f33__’ [-Wunused-variable]
<stdin>:1067:10: warning: unused variable ‘__f32__’ [-Wunused-variable]
<stdin>:1066:10: warning: unused variable ‘__f31__’ [-Wunused-variable]
<stdin>:1065:10: warning: unused variable ‘__f30__’ [-Wunused-variable]
<stdin>:1064:10: warning: unused variable ‘__f29__’ [-Wunused-variable]
<stdin>:1063:10: warning: unused variable ‘__f28__’ [-Wunused-variable]
<stdin>:1062:10: warning: unused variable ‘__f27__’ [-Wunused-variable]
<stdin>:1061:10: warning: unused variable ‘__f26__’ [-Wunused-variable]
<stdin>:1060:10: warning: unused variable ‘__f25__’ [-Wunused-variable]
<stdin>:1059:10: warning: unused variable ‘__f24__’ [-Wunused-variable]
<stdin>:1058:10: warning: unused variable ‘__f23__’ [-Wunused-variable]
<stdin>:1057:10: warning: unused variable ‘__f22__’ [-Wunused-variable]
<stdin>:1056:10: warning: unused variable ‘__f21__’ [-Wunused-variable]
<stdin>:1055:10: warning: unused variable ‘__f20__’ [-Wunused-variable]
<stdin>:1054:10: warning: unused variable ‘__f19__’ [-Wunused-variable]
<stdin>:1053:10: warning: unused variable ‘__f18__’ [-Wunused-variable]
<stdin>:1052:10: warning: unused variable ‘__f17__’ [-Wunused-variable]
<stdin>:1051:10: warning: unused variable ‘__f16__’ [-Wunused-variable]
<stdin>:1050:10: warning: unused variable ‘__f15__’ [-Wunused-variable]
<stdin>:1049:10: warning: unused variable ‘__f14__’ [-Wunused-variable]
<stdin>:1048:10: warning: unused variable ‘__f13__’ [-Wunused-variable]
<stdin>:1047:10: warning: unused variable ‘__f12__’ [-Wunused-variable]
<stdin>:1046:10: warning: unused variable ‘__f11__’ [-Wunused-variable]
<stdin>:1045:10: warning: unused variable ‘__f10__’ [-Wunused-variable]
<stdin>:1044:10: warning: unused variable ‘__f9__’ [-Wunused-variable]
<stdin>:1043:10: warning: unused variable ‘__f8__’ [-Wunused-variable]
<stdin>:1042:10: warning: unused variable ‘__f7__’ [-Wunused-variable]
<stdin>:1041:10: warning: unused variable ‘__f6__’ [-Wunused-variable]
<stdin>:1040:10: warning: unused variable ‘__f5__’ [-Wunused-variable]
<stdin>:1039:10: warning: unused variable ‘__f4__’ [-Wunused-variable]
<stdin>:1038:10: warning: unused variable ‘__f3__’ [-Wunused-variable]
<stdin>:1037:10: warning: unused variable ‘__f2__’ [-Wunused-variable]
<stdin>:1036:10: warning: unused variable ‘__f1__’ [-Wunused-variable]
<stdin>:1035:10: warning: unused variable ‘__f0__’ [-Wunused-variable]
<stdin>: In function ‘_NTFET_pvaUpdateGmd’:
<stdin>:1568:16: warning: variable ‘_gmd’ set but not used [-Wunused-but-set-variable]
<stdin>: In function ‘_NTFET_save’:
<stdin>:1577:16: warning: unused variable ‘_gmd’ [-Wunused-variable]
<stdin>: In function ‘_NTFET_restore’:
<stdin>:1624:16: warning: unused variable ‘_gmd’ [-Wunused-variable]
<stdin>: In function ‘NTFET_create_inside’:
<stdin>:1839:7: warning: unused variable ‘_thid’ [-Wunused-variable]
<stdin>:1825:7: warning: unused variable ‘size_’ [-Wunused-variable]
<stdin>: At top level:
<stdin>:44:12: warning: ‘localCallFast_’ defined but not used [-Wunused-variable]
<stdin>:45:12: warning: ‘localCallFastID_’ defined but not used [-Wunused-variable]
<stdin>:46:16: warning: ‘_flocalCall’ defined but not used [-Wunused-variable]
<stdin>:716:12: warning: ‘_NTFET_derivIndex’ defined but not used [-Wunused-function]
<stdin>:865:20: warning: ‘_disGen__’ defined but not used [-Wunused-variable]
<stdin>:887:15: warning: ‘_lastTime__’ defined but not used [-Wunused-variable]
<stdin>:890:12: warning: ‘_pvaNSmode__’ defined but not used [-Wunused-variable]
<stdin>:953:12: warning: ‘_NTFET_DisSize’ defined but not used [-Wunused-function]
<stdin>:1340:12: warning: ‘_NTFET_StimSizeAC’ defined but not used [-Wunused-function]
<stdin>:1343:12: warning: ‘_NTFET_StimTermRowAC’ defined but not used [-Wunused-function]
<stdin>:1350:12: warning: ‘_NTFET_StimDiwOffsetAC’ defined but not used [-Wunused-function]
<stdin>:1498:15: warning: ‘_NTFET_DisSetupFnct’ defined but not used [-Wunused-function]
<stdin>:1528:15: warning: ‘_NTFET_DisDestroyFnct’ defined but not used [-Wunused-function]
<stdin>: In function ‘_PTFET_state_alloc’:
<stdin>:957:20: warning: unused variable ‘_state’ [-Wunused-variable]
<stdin>: In function ‘_PTFET_state_free’:
<stdin>:963:19: warning: unused variable ‘_state’ [-Wunused-variable]
<stdin>: In function ‘_PTFET_eval’:
<stdin>:1116:28: warning: unused variable ‘_i_index_branch_’ [-Wunused-variable]
<stdin>:1089:7: warning: variable ‘_pvaTransit2_’ set but not used [-Wunused-but-set-variable]
<stdin>:1088:7: warning: unused variable ‘_pvaTransit_’ [-Wunused-variable]
<stdin>:1087:10: warning: unused variable ‘_pvaAComeg__’ [-Wunused-variable]
<stdin>:1086:10: warning: unused variable ‘_pvaACfreq__’ [-Wunused-variable]
<stdin>:1085:7: warning: unused variable ‘_pvaACLastmode__’ [-Wunused-variable]
<stdin>:1084:7: warning: unused variable ‘_pvaDCmode__’ [-Wunused-variable]
<stdin>:1082:7: warning: unused variable ‘_pvaCurrentIndex_’ [-Wunused-variable]
<stdin>:1073:10: warning: unused variable ‘__pva_power__’ [-Wunused-variable]
<stdin>:1072:7: warning: unused variable ‘_pvaLoop_’ [-Wunused-variable]
<stdin>:1071:10: warning: unused variable ‘__f36__’ [-Wunused-variable]
<stdin>:1070:10: warning: unused variable ‘__f35__’ [-Wunused-variable]
<stdin>:1069:10: warning: unused variable ‘__f34__’ [-Wunused-variable]
<stdin>:1068:10: warning: unused variable ‘__f33__’ [-Wunused-variable]
<stdin>:1067:10: warning: unused variable ‘__f32__’ [-Wunused-variable]
<stdin>:1066:10: warning: unused variable ‘__f31__’ [-Wunused-variable]
<stdin>:1065:10: warning: unused variable ‘__f30__’ [-Wunused-variable]
<stdin>:1064:10: warning: unused variable ‘__f29__’ [-Wunused-variable]
<stdin>:1063:10: warning: unused variable ‘__f28__’ [-Wunused-variable]
<stdin>:1062:10: warning: unused variable ‘__f27__’ [-Wunused-variable]
<stdin>:1061:10: warning: unused variable ‘__f26__’ [-Wunused-variable]
<stdin>:1060:10: warning: unused variable ‘__f25__’ [-Wunused-variable]
<stdin>:1059:10: warning: unused variable ‘__f24__’ [-Wunused-variable]
<stdin>:1058:10: warning: unused variable ‘__f23__’ [-Wunused-variable]
<stdin>:1057:10: warning: unused variable ‘__f22__’ [-Wunused-variable]
<stdin>:1056:10: warning: unused variable ‘__f21__’ [-Wunused-variable]
<stdin>:1055:10: warning: unused variable ‘__f20__’ [-Wunused-variable]
<stdin>:1054:10: warning: unused variable ‘__f19__’ [-Wunused-variable]
<stdin>:1053:10: warning: unused variable ‘__f18__’ [-Wunused-variable]
<stdin>:1052:10: warning: unused variable ‘__f17__’ [-Wunused-variable]
<stdin>:1051:10: warning: unused variable ‘__f16__’ [-Wunused-variable]
<stdin>:1050:10: warning: unused variable ‘__f15__’ [-Wunused-variable]
<stdin>:1049:10: warning: unused variable ‘__f14__’ [-Wunused-variable]
<stdin>:1048:10: warning: unused variable ‘__f13__’ [-Wunused-variable]
<stdin>:1047:10: warning: unused variable ‘__f12__’ [-Wunused-variable]
<stdin>:1046:10: warning: unused variable ‘__f11__’ [-Wunused-variable]
<stdin>:1045:10: warning: unused variable ‘__f10__’ [-Wunused-variable]
<stdin>:1044:10: warning: unused variable ‘__f9__’ [-Wunused-variable]
<stdin>:1043:10: warning: unused variable ‘__f8__’ [-Wunused-variable]
<stdin>:1042:10: warning: unused variable ‘__f7__’ [-Wunused-variable]
<stdin>:1041:10: warning: unused variable ‘__f6__’ [-Wunused-variable]
<stdin>:1040:10: warning: unused variable ‘__f5__’ [-Wunused-variable]
<stdin>:1039:10: warning: unused variable ‘__f4__’ [-Wunused-variable]
<stdin>:1038:10: warning: unused variable ‘__f3__’ [-Wunused-variable]
<stdin>:1037:10: warning: unused variable ‘__f2__’ [-Wunused-variable]
<stdin>:1036:10: warning: unused variable ‘__f1__’ [-Wunused-variable]
<stdin>:1035:10: warning: unused variable ‘__f0__’ [-Wunused-variable]
<stdin>: In function ‘_PTFET_pvaUpdateGmd’:
<stdin>:1568:16: warning: variable ‘_gmd’ set but not used [-Wunused-but-set-variable]
<stdin>: In function ‘_PTFET_save’:
<stdin>:1577:16: warning: unused variable ‘_gmd’ [-Wunused-variable]
<stdin>: In function ‘_PTFET_restore’:
<stdin>:1624:16: warning: unused variable ‘_gmd’ [-Wunused-variable]
<stdin>: In function ‘PTFET_create_inside’:
<stdin>:1839:7: warning: unused variable ‘_thid’ [-Wunused-variable]
<stdin>:1825:7: warning: unused variable ‘size_’ [-Wunused-variable]
<stdin>: At top level:
<stdin>:44:12: warning: ‘localCallFast_’ defined but not used [-Wunused-variable]
<stdin>:45:12: warning: ‘localCallFastID_’ defined but not used [-Wunused-variable]
<stdin>:46:16: warning: ‘_flocalCall’ defined but not used [-Wunused-variable]
<stdin>:716:12: warning: ‘_PTFET_derivIndex’ defined but not used [-Wunused-function]
<stdin>:865:20: warning: ‘_disGen__’ defined but not used [-Wunused-variable]
<stdin>:887:15: warning: ‘_lastTime__’ defined but not used [-Wunused-variable]
<stdin>:890:12: warning: ‘_pvaNSmode__’ defined but not used [-Wunused-variable]
<stdin>:953:12: warning: ‘_PTFET_DisSize’ defined but not used [-Wunused-function]
<stdin>:1340:12: warning: ‘_PTFET_StimSizeAC’ defined but not used [-Wunused-function]
<stdin>:1343:12: warning: ‘_PTFET_StimTermRowAC’ defined but not used [-Wunused-function]
<stdin>:1350:12: warning: ‘_PTFET_StimDiwOffsetAC’ defined but not used [-Wunused-function]
<stdin>:1498:15: warning: ‘_PTFET_DisSetupFnct’ defined but not used [-Wunused-function]
<stdin>:1528:15: warning: ‘_PTFET_DisDestroyFnct’ defined but not used [-Wunused-function]
