Copyright(c) 2003-2014 Synopsys, Inc.
FineSimPro J-2014.09-1 RHEL64 (Compiled on Sep 15 2014 at 21:45:23 (US-Pacific))

Hostname: vlsi5, Username: shayan, PID: 5149
Tool Path: /lhome/cad/synopsys/fsim/J-2014.09-1/finesim/platform/amd64/finesim
CPU model name	: Intel(R) Xeon(R) CPU E5-2690 0 @ 2.90GHz, Speed : 2899.998(MHz), Cache : 20480 KB

Started at Thu Jan 14 03:29:04 2016
Simulation Arguments : -o KATAN_MOS_VML KATAN_MOS_VML.sp 
Working Directory: /lhome/shayan/my_KATAN
Input File: KATAN_MOS_VML.sp

INFO! read global configuration file (/lhome/cad/synopsys/fsim/J-2014.09-1/finesim.cfg)

	</lhome/shayan/PTM-MG/modelfiles/lstp/20nfet.pm>
	</lhome/shayan/PTM-MG/modelfiles/lstp/20pfet.pm>
WARNING! duplicated model param 'bulkmod' (/lhome/shayan/PTM-MG/modelfiles/lstp/20nfet.pm:4)
WARNING! duplicated model param 'bulkmod' (/lhome/shayan/PTM-MG/modelfiles/lstp/20pfet.pm:4)

done

**** Used Options:
   post
****

  Main Mode: promd
Resource Usage for Parsing(self/cum): 0.1/0.1 sec, 177.7/177.7 MB

License: FINESIM_LICENSE_MODE=3 
License: Checked out FSPRO(1) successfully from 27000@niblick.cs.ucf.edu 

Title: * Nettran: AMD.64 Release B-2008.09.SP5.HF2.26004 2012/07/19



**** expand probe
  post option matches with 7481 nodes and 115 sources (KATAN_MOS_VML.sp:598)
****



  # MOSFET   : 5958
  # V Source : 115

  TEMP=25
Resource Usage for Circuit Elaboration(self/cum): 1.1/1.2 sec, 50.3/228.0 MB

Generating MOS models ...
  VDD=1
  Level=72 Version=105.03
Resource Usage for MOS Model(self/cum): 0.1/1.2 sec, 5.4/233.3 MB

Reducing RC Network
  # split fcap: 0
No RC network reduced 
Resource Usage for Circuit Reduction(self/cum): 0.0/1.2 sec, 0.0/233.3 MB

Building Connectivity ...
  Largest partition has 36 devices and 24 nodes .
    Devices: m=36
    Nodes with maximum connections:
       dffrs_x1:2(10)
       dffrs_x1:3(8)
       dffrs_x1:4(8)
       dffrs_x1:qbar(6)
       dffrs_x1:q(6)
       dffrs_x1:1(6)
       dffrs_x1:d(2)
       dffrs_x1:x6.1(2)
       dffrs_x1:x6.2(2)
       dffrs_x1:x5.1(2)
       dffrs_x1:x5.2(2)
       dffrs_x1:x3.1(2)
       dffrs_x1:x3.2(2)
       dffrs_x1:x2.1(2)
       dffrs_x1:x2.2(2)
       dffrs_x1:x1.1(2)
       dffrs_x1:x1.2(2)
       dffrs_x1:x4.1(2)
       dffrs_x1:x4.2(2)

Resource Usage for Connectivity Building(self/cum): 0.0/1.3 sec, 2.0/235.4 MB

Building DB ...
Resource Usage for DB Building(self/cum): 0.0/1.3 sec, 0.0/235.4 MB

Initializing ...
Resource Usage for Initialization(self/cum): 0.0/1.3 sec, 0.0/235.4 MB

Preparing Outputs ...
WARNING! can't find device 'vdd!' for .measure <KATAN_MOS_VML.sp:602>
WARNING! can't compute 'par('i(vdd!)*0.6v')', measure failed <KATAN_MOS_VML.sp:602>
  # probed signals  : 7597
  # printed signals : 1
  # measures        : 2
Resource Usage for Output Preparation(self/cum): 0.2/1.5 sec, 0.0/235.4 MB


Building Matrices ...
Resource Usage for Matrix Building(self/cum): 0.0/1.5 sec, -16.2/219.1 MB

Starting DC Initialization ...
    ic file 'KATAN_MOS_VML.ic'
  DC converged
End of DC Initialization
Resource Usage for DC Initialization(self/cum): 0.5/1.9 sec, 0.0/219.1 MB

Starting Transient Analysis ...
   0.256us (10.0 %) at Thu Jan 14 03:29:12 2016 (5 sec)
   0.512us (20.0 %) at Thu Jan 14 03:29:18 2016 (6 sec)
   0.768us (30.0 %) at Thu Jan 14 03:29:24 2016 (6 sec)
   1.024us (40.0 %) at Thu Jan 14 03:29:30 2016 (6 sec)
   1.280us (50.0 %) at Thu Jan 14 03:29:36 2016 (6 sec)
   1.536us (60.0 %) at Thu Jan 14 03:29:41 2016 (5 sec)
   1.792us (70.0 %) at Thu Jan 14 03:29:47 2016 (6 sec)
   2.048us (80.0 %) at Thu Jan 14 03:29:52 2016 (5 sec)
   2.304us (90.0 %) at Thu Jan 14 03:29:58 2016 (6 sec)
   2.560us (100.0 %) at Thu Jan 14 03:30:04 2016 (6 sec)
    finished at 2.560us
    prt file 'KATAN_MOS_VML.pt0'
    output file 'KATAN_MOS_VML.fsdb'

Starting Post Processing ...

   avgpower= 5.2411e-06  from= 1.0000e-07  to= 5.0000e-07
     avgval= -8.9065e-06  from= 2.0000e-08  to= 2.7000e-08
    intepwr=     failed  from= 0.0000e+00  to= 0.0000e+00

    measure file 'KATAN_MOS_VML.mt0'
    # time points: 44316
End of Transient Analysis                               
Resource Usage for Transient Analysis(self/cum): 56.1/58.0 sec, 127.1/346.3 MB

Ended at Thu Jan 14 03:30:04 2016

Total CPU time: 58.0 seconds (0.02 hours)
Total memory usage: peak= 346.3 MB, avg= 280.2 MB

Total elapsed time: 60.0 seconds (0.02 hours)
